info: Microsoft.EntityFrameworkCore.Database.Command[20101]
      Executed DbCommand (53ms) [Parameters=[], CommandType='Text', CommandTimeout='30']
      SELECT 1
info: Microsoft.EntityFrameworkCore.Database.Command[20101]
      Executed DbCommand (54ms) [Parameters=[], CommandType='Text', CommandTimeout='30']
      SELECT CASE WHEN COUNT(*) = 0 THEN FALSE ELSE TRUE END
FROM pg_class AS cls
JOIN pg_namespace AS ns ON ns.oid = cls.relnamespace
WHERE
        cls.relkind IN ('r', 'v', 'm', 'f', 'p') AND
        ns.nspname NOT IN ('pg_catalog', 'information_schema') AND
        -- Exclude tables which are members of PG extensions
        NOT EXISTS (
            SELECT 1 FROM pg_depend WHERE
                classid=(
                    SELECT cls.oid
                    FROM pg_class AS cls
                             JOIN pg_namespace AS ns ON ns.oid = cls.relnamespace
                    WHERE relname='pg_class' AND ns.nspname='pg_catalog'
                ) AND
                objid=cls.oid AND
                deptype IN ('e', 'x')
        )
info: Microsoft.EntityFrameworkCore.Database.Command[20101]
      Executed DbCommand (6ms) [Parameters=[], CommandType='Text', CommandTimeout='30']
      
                  ALTER TABLE "Orders" DROP COLUMN IF EXISTS "RegionId";
                  ALTER TABLE "Orders" ADD COLUMN IF NOT EXISTS "IsAdjusted" boolean NOT NULL DEFAULT FALSE;
                  ALTER TABLE "Orders" ADD COLUMN IF NOT EXISTS "TotalPallets" numeric(18,2) NOT NULL DEFAULT 0;
                  ALTER TABLE "ProductionPlans" ADD COLUMN IF NOT EXISTS "Date" timestamp without time zone;
                  ALTER TABLE "ProductionPlans" ADD COLUMN IF NOT EXISTS "ClosingStock" numeric(18,2) NOT NULL DEFAULT 0;
                  ALTER TABLE "ProductionPlans" ADD COLUMN IF NOT EXISTS "Notes" character varying(1000);
                  ALTER TABLE "DeliverySchedules" ADD COLUMN IF NOT EXISTS "Notes" character varying(1000);
                  ALTER TABLE "DistributionCentres" ADD COLUMN IF NOT EXISTS "Code" character varying(120) NOT NULL DEFAULT '';
                  ALTER TABLE "DistributionCentres" ADD COLUMN IF NOT EXISTS "RequiresAttention" boolean NOT NULL DEFAULT FALSE;
                  ALTER TABLE "PriceLists" ADD COLUMN IF NOT EXISTS "DistributionCentreId" integer;
                  ALTER TABLE "OrderItems" ADD COLUMN IF NOT EXISTS "ProductCode" character varying(120);
                  ALTER TABLE "OrderItems" ADD COLUMN IF NOT EXISTS "ProductName" character varying(200);
                  ALTER TABLE "OrderItems" ADD COLUMN IF NOT EXISTS "IsUnmapped" boolean NOT NULL DEFAULT FALSE;
                  ALTER TABLE "OrderItems" ADD COLUMN IF NOT EXISTS "IsPriceMissing" boolean NOT NULL DEFAULT FALSE;
                  ALTER TABLE "OrderItems" ADD COLUMN IF NOT EXISTS "IsPriceMismatch" boolean NOT NULL DEFAULT FALSE;
                  ALTER TABLE "OrderItems" ADD COLUMN IF NOT EXISTS "IsCsvPrice" boolean NOT NULL DEFAULT FALSE;
                  ALTER TABLE "OrderItems" ADD COLUMN IF NOT EXISTS "MetadataJson" text NOT NULL DEFAULT '{}';
                  ALTER TABLE "Products" ADD COLUMN IF NOT EXISTS "IsMapped" boolean NOT NULL DEFAULT TRUE;
                  ALTER TABLE "Products" ADD COLUMN IF NOT EXISTS "RequiresAttention" boolean NOT NULL DEFAULT FALSE;
                  ALTER TABLE "Products" ADD COLUMN IF NOT EXISTS "CreatedAt" timestamp without time zone NOT NULL DEFAULT CURRENT_TIMESTAMP;
info: Microsoft.EntityFrameworkCore.Database.Command[20101]
      Executed DbCommand (23ms) [Parameters=[], CommandType='Text', CommandTimeout='30']
      
                  UPDATE "OrderItems" AS oi
                  SET
                      "ProductCode" = COALESCE(NULLIF(BTRIM(oi."ProductCode"), ''), p."SKUCode"),
                      "ProductName" = COALESCE(NULLIF(BTRIM(oi."ProductName"), ''), p."Name"),
                      "IsUnmapped" = COALESCE(oi."IsUnmapped", FALSE) OR COALESCE(NOT p."IsMapped", FALSE)
                  FROM "Products" AS p
                  WHERE p."Id" = oi."ProductId";
info: Microsoft.EntityFrameworkCore.Database.Command[20101]
      Executed DbCommand (1ms) [Parameters=[], CommandType='Text', CommandTimeout='30']
      
                  UPDATE "Products"
                  SET "CreatedAt" = CURRENT_TIMESTAMP
                  WHERE "CreatedAt" IS NULL;
info: Microsoft.EntityFrameworkCore.Database.Command[20101]
      Executed DbCommand (39ms) [Parameters=[], CommandType='Text', CommandTimeout='30']
      
                  DO $$
                  BEGIN
                      IF NOT EXISTS (
                          SELECT 1
                          FROM pg_indexes
                          WHERE schemaname = 'public'
                            AND indexname = 'IX_Products_SKUCode_Normalized')
                      THEN
                          IF NOT EXISTS (
                              SELECT LOWER(BTRIM("SKUCode"))
                              FROM "Products"
                              GROUP BY LOWER(BTRIM("SKUCode"))
                              HAVING COUNT(*) > 1)
                          THEN
                              EXECUTE 'CREATE UNIQUE INDEX "IX_Products_SKUCode_Normalized" ON "Products" (LOWER(BTRIM("SKUCode")))';
                          END IF;
                      END IF;
                  END $$;
info: Microsoft.EntityFrameworkCore.Database.Command[20101]
      Executed DbCommand (3ms) [Parameters=[], CommandType='Text', CommandTimeout='30']
      
                  UPDATE "DistributionCentres"
                  SET "Code" = COALESCE(NULLIF(BTRIM("Code"), ''), BTRIM("Name"), 'UNMAPPED-DC')
                  WHERE COALESCE(NULLIF(BTRIM("Code"), ''), '') = '';
      
                  CREATE UNIQUE INDEX IF NOT EXISTS "IX_DistributionCentres_Code" ON "DistributionCentres" ("Code");
info: Microsoft.EntityFrameworkCore.Database.Command[20101]
      Executed DbCommand (34ms) [Parameters=[], CommandType='Text', CommandTimeout='30']
      
                  DO $$
                  BEGIN
                      IF EXISTS (
                          SELECT 1
                          FROM information_schema.columns
                          WHERE table_schema = 'public'
                              AND table_name = 'PriceLists'
                              AND column_name = 'RegionId')
                      THEN
                          EXECUTE '
                              UPDATE "PriceLists" AS pl
                              SET "DistributionCentreId" = dc_map."Id"
                              FROM (
                                  SELECT DISTINCT ON ("RegionId")
                                      "RegionId",
                                      "Id"
                                  FROM "DistributionCentres"
                                  ORDER BY "RegionId", "Id"
                              ) AS dc_map
                              WHERE pl."DistributionCentreId" IS NULL
                                  AND pl."RegionId" = dc_map."RegionId";
                          ';
                      END IF;
                  END $$;
      
                  UPDATE "PriceLists"
                  SET "DistributionCentreId" = (
                      SELECT "Id"
                      FROM "DistributionCentres"
                      ORDER BY "Id"
                      LIMIT 1
                  )
                  WHERE "DistributionCentreId" IS NULL;
      
                  ALTER TABLE "PriceLists" ALTER COLUMN "DistributionCentreId" SET NOT NULL;
      
                  ALTER TABLE "PriceLists" DROP CONSTRAINT IF EXISTS "FK_PriceLists_DistributionCentres_DistributionCentreId";
                  ALTER TABLE "PriceLists"
                      ADD CONSTRAINT "FK_PriceLists_DistributionCentres_DistributionCentreId"
                      FOREIGN KEY ("DistributionCentreId")
                      REFERENCES "DistributionCentres" ("Id") ON DELETE CASCADE;
      
                  DROP INDEX IF EXISTS "IX_PriceLists_ProductId_RegionId";
                  CREATE UNIQUE INDEX IF NOT EXISTS "IX_PriceLists_ProductId_DistributionCentreId"
                      ON "PriceLists" ("ProductId", "DistributionCentreId");
      
                  ALTER TABLE "PriceLists" DROP COLUMN IF EXISTS "RegionId";
info: Microsoft.EntityFrameworkCore.Database.Command[20101]
      Executed DbCommand (4ms) [Parameters=[], CommandType='Text', CommandTimeout='30']
      
                  UPDATE "Orders"
                  SET "TotalPallets" = COALESCE(order_totals."TotalPallets", 0)
                  FROM (
                      SELECT "OrderId", SUM("Pallets") AS "TotalPallets"
                      FROM "OrderItems"
                      GROUP BY "OrderId"
                  ) AS order_totals
                  WHERE order_totals."OrderId" = "Orders"."Id";
      
                  UPDATE "Orders"
                  SET "TotalPallets" = 0
                  WHERE "Id" NOT IN (SELECT DISTINCT "OrderId" FROM "OrderItems");
info: Microsoft.EntityFrameworkCore.Database.Command[20101]
      Executed DbCommand (1ms) [Parameters=[], CommandType='Text', CommandTimeout='30']
      
                  CREATE TABLE IF NOT EXISTS "AuditLogs" (
                      "Id" serial NOT NULL,
                      "Entity" character varying(100) NOT NULL,
                      "EntityId" integer NOT NULL,
                      "Field" character varying(100) NOT NULL,
                      "OldValue" character varying(500),
                      "NewValue" character varying(500),
                      "ChangedBy" character varying(200) NOT NULL DEFAULT 'System',
                      "CreatedAt" timestamp without time zone NOT NULL,
                      CONSTRAINT "PK_AuditLogs" PRIMARY KEY ("Id")
                  );
                  CREATE INDEX IF NOT EXISTS "IX_AuditLogs_Entity_EntityId" ON "AuditLogs" ("Entity", "EntityId");
info: Microsoft.EntityFrameworkCore.Database.Command[20101]
      Executed DbCommand (1ms) [Parameters=[], CommandType='Text', CommandTimeout='30']
      
                  CREATE TABLE IF NOT EXISTS "PendingCsvImportSessions" (
                      "FileId" character varying(64) NOT NULL,
                      "RowsJson" text NOT NULL,
                      "AllowDuplicates" boolean NOT NULL,
                      "MissingDistributionCentresJson" text NOT NULL,
                      "MissingProductsJson" text NOT NULL DEFAULT '[]',
                      "CreatedAtUtc" timestamp without time zone NOT NULL,
                      CONSTRAINT "PK_PendingCsvImportSessions" PRIMARY KEY ("FileId")
                  );
                  ALTER TABLE "PendingCsvImportSessions" ADD COLUMN IF NOT EXISTS "MissingProductsJson" text NOT NULL DEFAULT '[]';
info: Microsoft.EntityFrameworkCore.Database.Command[20101]
      Executed DbCommand (5ms) [Parameters=[], CommandType='Text', CommandTimeout='30']
      
                  DO $$
                  BEGIN
                      IF EXISTS (
                          SELECT 1
                          FROM information_schema.columns
                          WHERE table_schema = 'public'
                              AND table_name = 'ProductionPlans'
                              AND column_name = 'ProductionDate')
                      THEN
                          EXECUTE 'UPDATE "ProductionPlans" SET "Date" = COALESCE("Date", "ProductionDate", CURRENT_DATE) WHERE "Date" IS NULL';
                      ELSE
                          EXECUTE 'UPDATE "ProductionPlans" SET "Date" = COALESCE("Date", CURRENT_DATE) WHERE "Date" IS NULL';
                      END IF;
                  END $$;
      
                  ALTER TABLE "ProductionPlans" ALTER COLUMN "Date" SET NOT NULL;
info: Microsoft.EntityFrameworkCore.Database.Command[20101]
      Executed DbCommand (4ms) [Parameters=[], CommandType='Text', CommandTimeout='30']
      
                  DO $$
                  BEGIN
                      IF EXISTS (
                          SELECT 1
                          FROM information_schema.columns
                          WHERE table_schema = 'public'
                              AND table_name = 'ProductionPlans'
                              AND column_name = 'ProductionDate')
                      THEN
                          EXECUTE 'UPDATE "ProductionPlans" SET "ProductionDate" = COALESCE("ProductionDate", "Date", CURRENT_DATE) WHERE "ProductionDate" IS NULL';
                          EXECUTE 'ALTER TABLE "ProductionPlans" ALTER COLUMN "ProductionDate" SET DEFAULT CURRENT_DATE';
                      END IF;
                  END $$;
info: Microsoft.EntityFrameworkCore.Database.Command[20101]
      Executed DbCommand (1ms) [Parameters=[], CommandType='Text', CommandTimeout='30']
      
                  CREATE UNIQUE INDEX IF NOT EXISTS "IX_ProductionPlans_ProductId_Date"
                  ON "ProductionPlans" ("ProductId", "Date");
info: Microsoft.EntityFrameworkCore.Database.Command[20101]
      Executed DbCommand (5ms) [Parameters=[], CommandType='Text', CommandTimeout='30']
      SELECT EXISTS (
          SELECT 1
          FROM "Regions" AS r)
info: Microsoft.EntityFrameworkCore.Database.Command[20101]
      Executed DbCommand (2ms) [Parameters=[], CommandType='Text', CommandTimeout='30']
      SELECT d."Id", d."Code", d."Name", d."RegionId", d."RequiresAttention"
      FROM "DistributionCentres" AS d
      WHERE d."Name" = 'DC-North-01'
      LIMIT 1
info: Microsoft.EntityFrameworkCore.Database.Command[20101]
      Executed DbCommand (1ms) [Parameters=[], CommandType='Text', CommandTimeout='30']
      SELECT d."Id", d."Code", d."Name", d."RegionId", d."RequiresAttention"
      FROM "DistributionCentres" AS d
      WHERE d."Name" = 'DC-South-01'
      LIMIT 1
info: Microsoft.EntityFrameworkCore.Database.Command[20101]
      Executed DbCommand (1ms) [Parameters=[], CommandType='Text', CommandTimeout='30']
      SELECT p."Id", p."CreatedAt", p."IsMapped", p."Name", p."PalletConversionRate", p."RequiresAttention", p."SKUCode"
      FROM "Products" AS p
      WHERE p."SKUCode" = 'SKU-FLOUR-25'
      LIMIT 1
info: Microsoft.EntityFrameworkCore.Database.Command[20101]
      Executed DbCommand (1ms) [Parameters=[], CommandType='Text', CommandTimeout='30']
      SELECT p."Id", p."CreatedAt", p."IsMapped", p."Name", p."PalletConversionRate", p."RequiresAttention", p."SKUCode"
      FROM "Products" AS p
      WHERE p."SKUCode" = 'SKU-OIL-5L'
      LIMIT 1
info: Microsoft.EntityFrameworkCore.Database.Command[20101]
      Executed DbCommand (11ms) [Parameters=[@productId='?' (DbType = Int32), @date='?' (DbType = DateTime2)], CommandType='Text', CommandTimeout='30']
      SELECT p."Id", p."ClosingStock", p."Date", p."Notes", p."OpeningStock", p."ProductId", p."ProductionQuantity"
      FROM "ProductionPlans" AS p
      WHERE p."ProductId" = @productId AND p."Date" = @date
      LIMIT 1
info: Microsoft.EntityFrameworkCore.Database.Command[20101]
      Executed DbCommand (2ms) [Parameters=[@productId='?' (DbType = Int32), @date='?' (DbType = DateTime2)], CommandType='Text', CommandTimeout='30']
      SELECT COALESCE(sum(o."Quantity"), 0.0)
      FROM "OrderItems" AS o
      INNER JOIN "Orders" AS o0 ON o."OrderId" = o0."Id"
      WHERE o."ProductId" = @productId AND o0."DeliveryDate" = @date AND o0."Status" IN (4, 5)
info: Microsoft.EntityFrameworkCore.Database.Command[20101]
      Executed DbCommand (1ms) [Parameters=[@productId='?' (DbType = Int32), @date='?' (DbType = DateTime2)], CommandType='Text', CommandTimeout='30']
      SELECT p."Id", p."ClosingStock", p."Date", p."Notes", p."OpeningStock", p."ProductId", p."ProductionQuantity"
      FROM "ProductionPlans" AS p
      WHERE p."ProductId" = @productId AND p."Date" = @date
      LIMIT 1
info: Microsoft.EntityFrameworkCore.Database.Command[20101]
      Executed DbCommand (1ms) [Parameters=[@productId='?' (DbType = Int32), @date='?' (DbType = DateTime2)], CommandType='Text', CommandTimeout='30']
      SELECT COALESCE(sum(o."Quantity"), 0.0)
      FROM "OrderItems" AS o
      INNER JOIN "Orders" AS o0 ON o."OrderId" = o0."Id"
      WHERE o."ProductId" = @productId AND o0."DeliveryDate" = @date AND o0."Status" IN (4, 5)
warn: Microsoft.EntityFrameworkCore.Query[20504]
      Compiling a query which loads related collections for more than one collection navigation, either via 'Include' or through projection, but no 'QuerySplittingBehavior' has been configured. By default, Entity Framework will use 'QuerySplittingBehavior.SingleQuery', which can potentially result in slow query performance. See https://go.microsoft.com/fwlink/?linkid=2134277 for more information. To identify the query that's triggering this warning call 'ConfigureWarnings(w => w.Throw(RelationalEventId.MultipleCollectionIncludeWarning))'.
info: Microsoft.EntityFrameworkCore.Database.Command[20101]
      Executed DbCommand (3ms) [Parameters=[@orderNumber='?'], CommandType='Text', CommandTimeout='30']
      SELECT o1."Id", o1."DeliveryDate", o1."DistributionCentreId", o1."IsAdjusted", o1."Notes", o1."OrderDate", o1."OrderNumber", o1."Source", o1."Status", o1."TotalPallets", o1."TotalValue", o0."Id", o0."IsCsvPrice", o0."IsPriceMismatch", o0."IsPriceMissing", o0."IsUnmapped", o0."MetadataJson", o0."OrderId", o0."Pallets", o0."Price", o0."ProductCode", o0."ProductId", o0."ProductName", o0."Quantity", d."Id", d."DeliveryDate", d."Notes", d."OrderId", d."Status"
      FROM (
          SELECT o."Id", o."DeliveryDate", o."DistributionCentreId", o."IsAdjusted", o."Notes", o."OrderDate", o."OrderNumber", o."Source", o."Status", o."TotalPallets", o."TotalValue"
          FROM "Orders" AS o
          WHERE o."OrderNumber" = @orderNumber
          LIMIT 1
      ) AS o1
      LEFT JOIN "OrderItems" AS o0 ON o1."Id" = o0."OrderId"
      LEFT JOIN "DeliverySchedules" AS d ON o1."Id" = d."OrderId"
      ORDER BY o1."Id", o0."Id"
info: Microsoft.EntityFrameworkCore.Database.Command[20101]
      Executed DbCommand (1ms) [Parameters=[@distributionCentreId='?' (DbType = Int32)], CommandType='Text', CommandTimeout='30']
      SELECT EXISTS (
          SELECT 1
          FROM "DistributionCentres" AS d
          WHERE d."Id" = @distributionCentreId)
info: Microsoft.EntityFrameworkCore.Database.Command[20101]
      Executed DbCommand (1ms) [Parameters=[@orderNumber='?'], CommandType='Text', CommandTimeout='30']
      SELECT o1."Id", o1."DeliveryDate", o1."DistributionCentreId", o1."IsAdjusted", o1."Notes", o1."OrderDate", o1."OrderNumber", o1."Source", o1."Status", o1."TotalPallets", o1."TotalValue", o0."Id", o0."IsCsvPrice", o0."IsPriceMismatch", o0."IsPriceMissing", o0."IsUnmapped", o0."MetadataJson", o0."OrderId", o0."Pallets", o0."Price", o0."ProductCode", o0."ProductId", o0."ProductName", o0."Quantity", d."Id", d."DeliveryDate", d."Notes", d."OrderId", d."Status"
      FROM (
          SELECT o."Id", o."DeliveryDate", o."DistributionCentreId", o."IsAdjusted", o."Notes", o."OrderDate", o."OrderNumber", o."Source", o."Status", o."TotalPallets", o."TotalValue"
          FROM "Orders" AS o
          WHERE o."OrderNumber" = @orderNumber
          LIMIT 1
      ) AS o1
      LEFT JOIN "OrderItems" AS o0 ON o1."Id" = o0."OrderId"
      LEFT JOIN "DeliverySchedules" AS d ON o1."Id" = d."OrderId"
      ORDER BY o1."Id", o0."Id"
info: Microsoft.EntityFrameworkCore.Database.Command[20101]
      Executed DbCommand (1ms) [Parameters=[@distributionCentreId='?' (DbType = Int32)], CommandType='Text', CommandTimeout='30']
      SELECT EXISTS (
          SELECT 1
          FROM "DistributionCentres" AS d
          WHERE d."Id" = @distributionCentreId)
info: Microsoft.Hosting.Lifetime[14]
      Now listening on: http://localhost:5075
info: Microsoft.Hosting.Lifetime[0]
      Application started. Press Ctrl+C to shut down.
info: Microsoft.Hosting.Lifetime[0]
      Hosting environment: Production
info: Microsoft.Hosting.Lifetime[0]
      Content root path: C:\WebAppPO\OrderProcessingApp
warn: Microsoft.AspNetCore.HttpsPolicy.HttpsRedirectionMiddleware[3]
      Failed to determine the https port for redirect.
info: Microsoft.EntityFrameworkCore.Database.Command[20101]
      Executed DbCommand (1ms) [Parameters=[], CommandType='Text', CommandTimeout='30']
      SELECT p."Id", p."Name", p."SKUCode", p."PalletConversionRate", p."RequiresAttention"
      FROM "Products" AS p
      ORDER BY p."Name"
info: Microsoft.EntityFrameworkCore.Database.Command[20101]
      Executed DbCommand (3ms) [Parameters=[], CommandType='Text', CommandTimeout='30']
      SELECT d."Id" AS id, d."Name" AS name
      FROM "DistributionCentres" AS d
info: Microsoft.EntityFrameworkCore.Database.Command[20101]
      Executed DbCommand (3ms) [Parameters=[], CommandType='Text', CommandTimeout='30']
      SELECT p."Id", p."Name", p."SKUCode", p."PalletConversionRate", p."RequiresAttention"
      FROM "Products" AS p
      ORDER BY p."Name"
info: Microsoft.EntityFrameworkCore.Database.Command[20101]
      Executed DbCommand (1ms) [Parameters=[@dto_ProductId='?' (DbType = Int32)], CommandType='Text', CommandTimeout='30']
      SELECT EXISTS (
          SELECT 1
          FROM "Products" AS p
          WHERE p."Id" = @dto_ProductId)
info: Microsoft.EntityFrameworkCore.Database.Command[20101]
      Executed DbCommand (1ms) [Parameters=[@dto_DistributionCentreId='?' (DbType = Int32)], CommandType='Text', CommandTimeout='30']
      SELECT d."Id", d."Code", d."Name", d."RegionId", d."RequiresAttention"
      FROM "DistributionCentres" AS d
      WHERE d."Id" = @dto_DistributionCentreId
      LIMIT 1
info: Microsoft.EntityFrameworkCore.Database.Command[20101]
      Executed DbCommand (2ms) [Parameters=[@dto_ProductId='?' (DbType = Int32), @dto_DistributionCentreId='?' (DbType = Int32)], CommandType='Text', CommandTimeout='30']
      SELECT p."Id", p."DistributionCentreId", p."Price", p."ProductId"
      FROM "PriceLists" AS p
      WHERE p."ProductId" = @dto_ProductId AND p."DistributionCentreId" = @dto_DistributionCentreId
      LIMIT 1
Saving PriceList: Product=3, DC=1, Price=13,13
info: Microsoft.EntityFrameworkCore.Database.Command[20101]
      Executed DbCommand (4ms) [Parameters=[@p1='?' (DbType = Int32), @p0='?' (DbType = Decimal)], CommandType='Text', CommandTimeout='30']
      UPDATE "PriceLists" SET "Price" = @p0
      WHERE "Id" = @p1;
info: Microsoft.EntityFrameworkCore.Database.Command[20101]
      Executed DbCommand (1ms) [Parameters=[@existing_Id='?' (DbType = Int32)], CommandType='Text', CommandTimeout='30']
      SELECT p."Id", p."ProductId", p0."Name" AS "ProductName", p."DistributionCentreId", d."Name" AS "DistributionCentreName", p."Price"
      FROM "PriceLists" AS p
      INNER JOIN "Products" AS p0 ON p."ProductId" = p0."Id"
      INNER JOIN "DistributionCentres" AS d ON p."DistributionCentreId" = d."Id"
      WHERE p."Id" = @existing_Id
      LIMIT 1
info: Microsoft.EntityFrameworkCore.Database.Command[20101]
      Executed DbCommand (1ms) [Parameters=[], CommandType='Text', CommandTimeout='30']
      SELECT p."Id", p."ProductId", p0."Name" AS "ProductName", p."DistributionCentreId", d."Name" AS "DistributionCentreName", p."Price"
      FROM "PriceLists" AS p
      INNER JOIN "DistributionCentres" AS d ON p."DistributionCentreId" = d."Id"
      INNER JOIN "Products" AS p0 ON p."ProductId" = p0."Id"
      ORDER BY d."Name", p0."Name"
info: Microsoft.EntityFrameworkCore.Database.Command[20101]
      Executed DbCommand (1ms) [Parameters=[], CommandType='Text', CommandTimeout='30']
      SELECT d."Id" AS id, d."Name" AS name
      FROM "DistributionCentres" AS d
info: Microsoft.EntityFrameworkCore.Database.Command[20101]
      Executed DbCommand (1ms) [Parameters=[], CommandType='Text', CommandTimeout='30']
      SELECT p."Id", p."Name", p."SKUCode", p."PalletConversionRate", p."RequiresAttention"
      FROM "Products" AS p
      ORDER BY p."Name"
info: Microsoft.EntityFrameworkCore.Database.Command[20101]
      Executed DbCommand (2ms) [Parameters=[], CommandType='Text', CommandTimeout='30']
      SELECT p."Id", p."ProductId", p0."Name" AS "ProductName", p."DistributionCentreId", d."Name" AS "DistributionCentreName", p."Price"
      FROM "PriceLists" AS p
      INNER JOIN "DistributionCentres" AS d ON p."DistributionCentreId" = d."Id"
      INNER JOIN "Products" AS p0 ON p."ProductId" = p0."Id"
      ORDER BY d."Name", p0."Name"
